<?xml version="1.0" encoding="UTF-8"?>
<!-- Generated by org.testng.reporters.JUnitReportReporter -->
<testsuite hostname="DESKTOP-3TLULB1" failures="0" tests="1" name="docker.jenkins.dockerTest" time="3.598" errors="0" timestamp="2023-08-03T17:27:58 IST" skipped="0">
  <testcase classname="docker.jenkins.dockerTest" name="dockerCICD" time="3.598"/>
  <system-out/>
</testsuite> <!-- docker.jenkins.dockerTest -->
