<?xml version="1.0" encoding="UTF-8"?>
<!-- Generated by org.testng.reporters.JUnitReportReporter -->
<testsuite hostname="DESKTOP-3TLULB1" failures="0" tests="1" name="docker.jenkins.dockerTest" time="4.468" errors="0" timestamp="2023-08-03T16:46:32 IST" skipped="0">
  <testcase classname="docker.jenkins.dockerTest" name="dockerCICD" time="4.468"/>
  <system-out/>
</testsuite> <!-- docker.jenkins.dockerTest -->
